<?xml version="1.0" encoding="UTF-8"?>
<!-- Generated by org.testng.reporters.JUnitReportReporter -->
<testsuite hostname="LAPTOP-BGK8ND2I" failures="0" tests="4" name="testjava.LoginpageTest" time="14.549" errors="0" timestamp="2022-05-25T22:32:00 IST" skipped="0">
  <testcase classname="testjava.LoginpageTest" name="verifyLoginOfPag" time="1.998"/>
  <system-out/>
  <testcase classname="testjava.LoginpageTest" name="verifyLoginOfPag" time="2.321"/>
  <system-out/>
  <testcase classname="testjava.LoginpageTest" name="verifyLoginOfPag" time="1.927"/>
  <system-out/>
  <testcase classname="testjava.LoginpageTest" name="verifyLoginOfPag" time="8.303"/>
  <system-out/>
</testsuite> <!-- testjava.LoginpageTest -->
